<?xml version="1.0" encoding="UTF-8"?>
<testng-results ignored="0" total="1" passed="1" failed="0" skipped="0">
  <reporter-output>
  </reporter-output>
  <suite started-at="2025-10-24T08:44:34 SAST" name="Default suite" finished-at="2025-10-24T08:44:38 SAST" duration-ms="3615">
    <groups>
    </groups>
    <test started-at="2025-10-24T08:44:34 SAST" name="Default test" finished-at="2025-10-24T08:44:38 SAST" duration-ms="3615">
      <class name="Tests.JSONSchemaValidator">
        <test-method signature="validateCountriesSchema()[pri:0, instance:Tests.JSONSchemaValidator@792b749c]" started-at="2025-10-24T08:44:34 SAST" name="validateCountriesSchema" description="Validate that the API response conforms to the expected schema" finished-at="2025-10-24T08:44:38 SAST" duration-ms="3536" status="PASS">
          <reporter-output>
          </reporter-output>
        </test-method> <!-- validateCountriesSchema -->
      </class> <!-- Tests.JSONSchemaValidator -->
    </test> <!-- Default test -->
  </suite> <!-- Default suite -->
</testng-results>
